[INFO] [launch]: All log files can be found below /home/user/.ros/log/2024-05-09-07-24-57-201241-1_xterm-3312
[INFO] [launch]: Default logging verbosity is set to INFO
[INFO] [rviz2-1]: process started with pid [3313]
[INFO] [map_server-2]: process started with pid [3315]
[INFO] [amcl-3]: process started with pid [3317]
[INFO] [lifecycle_manager-4]: process started with pid [3319]
[amcl-3] [ERROR] [1715239497.371046874] [rcl]: Failed to parse global arguments
[amcl-3] terminate called after throwing an instance of 'rclcpp::exceptions::RCLInvalidROSArgsError'
[amcl-3]   what():  failed to initialize rcl: Couldn't parse params file: '--params-file /home/user/ros2_ws/install/localization_server/share/localization_server/config/amcl_config_real.yaml'. Error: There are no node names before ros__parameters at line 52, at ./src/parse.c:629, at ./src/rcl/arguments.c:406
[lifecycle_manager-4] 1715239497.373616 [0] lifecycle_: config: //CycloneDDS/Domain/General: 'NetworkInterfaceAddress': deprecated element (file:///var/lib/theconstruct.rrl/cyclonedds.xml line 5)
[lifecycle_manager-4] 1715239497.374634 [0] lifecycle_: add_peer_addresses: 1_xterm: unknown address
[lifecycle_manager-4] 1715239497.374634 [0] lifecycle_: add_peer_addresses: 1_xterm: unknown address
[lifecycle_manager-4] [INFO] [1715239497.380563300] [lifecycle_manager_localization]: Creating
[lifecycle_manager-4] [INFO] [1715239497.382329870] [lifecycle_manager_localization]: [34m[1mCreating and initializing lifecycle service clients[0m[0m
[map_server-2] 1715239497.382381 [0] map_server: config: //CycloneDDS/Domain/General: 'NetworkInterfaceAddress': deprecated element (file:///var/lib/theconstruct.rrl/cyclonedds.xml line 5)
[map_server-2] 1715239497.383126 [0] map_server: add_peer_addresses: 1_xterm: unknown address
[map_server-2] 1715239497.383126 [0] map_server: add_peer_addresses: 1_xterm: unknown address
[map_server-2] [INFO] [1715239497.390750963] [map_server]: 
[map_server-2] 	map_server lifecycle node launched. 
[map_server-2] 	Waiting on external lifecycle transitions to activate
[map_server-2] 	See https://design.ros2.org/articles/node_lifecycle.html for more information.
[map_server-2] [INFO] [1715239497.390849747] [map_server]: Creating
[rviz2-1] QStandardPaths: XDG_RUNTIME_DIR not set, defaulting to '/tmp/runtime-user'
[rviz2-1] 1715239497.402749 [0]      rviz2: config: //CycloneDDS/Domain/General: 'NetworkInterfaceAddress': deprecated element (file:///var/lib/theconstruct.rrl/cyclonedds.xml line 5)
[rviz2-1] 1715239497.403556 [0]      rviz2: add_peer_addresses: 1_xterm: unknown address
[rviz2-1] 1715239497.403556 [0]      rviz2: add_peer_addresses: 1_xterm: unknown address
[ERROR] [amcl-3]: process has died [pid 3317, exit code -6, cmd '/opt/ros/humble/lib/nav2_amcl/amcl --ros-args -r __node:=amcl --params-file /home/user/ros2_ws/install/localization_server/share/localization_server/config/amcl_config_real.yaml'].
[rviz2-1] [INFO] [1715239497.531947249] [rviz2]: Stereo is NOT SUPPORTED
[rviz2-1] [INFO] [1715239497.532117351] [rviz2]: OpenGl version: 4.5 (GLSL 4.5)
[rviz2-1] [INFO] [1715239497.552843066] [rviz2]: Stereo is NOT SUPPORTED
[rviz2-1] [INFO] [1715239498.653955214] [rviz2]: Message Filter dropping message: frame 'robot_front_laser_link' at time 1715239498.112 for reason 'discarding message because the queue is full'
[rviz2-1] [INFO] [1715239498.685748496] [rviz2]: Message Filter dropping message: frame 'robot_front_laser_link' at time 1715239498.137 for reason 'discarding message because the queue is full'
[rviz2-1] [INFO] [1715239498.718471285] [rviz2]: Message Filter dropping message: frame 'robot_front_laser_link' at time 1715239498.163 for reason 'discarding message because the queue is full'
[rviz2-1] [INFO] [1715239498.750701030] [rviz2]: Message Filter dropping message: frame 'robot_front_laser_link' at time 1715239498.187 for reason 'discarding message because the queue is full'
[rviz2-1] [INFO] [1715239498.782308614] [rviz2]: Message Filter dropping message: frame 'robot_front_laser_link' at time 1715239498.213 for reason 'discarding message because the queue is full'
[rviz2-1] [INFO] [1715239498.814245514] [rviz2]: Message Filter dropping message: frame 'robot_front_laser_link' at time 1715239498.237 for reason 'discarding message because the queue is full'
[rviz2-1] [INFO] [1715239498.846308604] [rviz2]: Message Filter dropping message: frame 'robot_front_laser_link' at time 1715239498.264 for reason 'discarding message because the queue is full'
[rviz2-1] [INFO] [1715239498.878423119] [rviz2]: Message Filter dropping message: frame 'robot_front_laser_link' at time 1715239498.287 for reason 'discarding message because the queue is full'
[rviz2-1] [INFO] [1715239498.909845573] [rviz2]: Message Filter dropping message: frame 'robot_front_laser_link' at time 1715239498.312 for reason 'discarding message because the queue is full'
[rviz2-1] [INFO] [1715239498.942623090] [rviz2]: Message Filter dropping message: frame 'robot_front_laser_link' at time 1715239498.337 for reason 'discarding message because the queue is full'
[rviz2-1] [INFO] [1715239498.973882851] [rviz2]: Message Filter dropping message: frame 'robot_front_laser_link' at time 1715239498.362 for reason 'discarding message because the queue is full'
[rviz2-1] [INFO] [1715239499.006132386] [rviz2]: Message Filter dropping message: frame 'robot_front_laser_link' at time 1715239498.387 for reason 'discarding message because the queue is full'
[rviz2-1] [INFO] [1715239499.037789574] [rviz2]: Message Filter dropping message: frame 'robot_front_laser_link' at time 1715239498.412 for reason 'discarding message because the queue is full'
[rviz2-1] [INFO] [1715239499.070111599] [rviz2]: Message Filter dropping message: frame 'robot_front_laser_link' at time 1715239498.437 for reason 'discarding message because the queue is full'
[rviz2-1] [INFO] [1715239499.102254870] [rviz2]: Message Filter dropping message: frame 'robot_front_laser_link' at time 1715239498.489 for reason 'discarding message because the queue is full'
[rviz2-1] [INFO] [1715239499.134134126] [rviz2]: Message Filter dropping message: frame 'robot_front_laser_link' at time 1715239498.512 for reason 'discarding message because the queue is full'
[rviz2-1] [INFO] [1715239499.165805171] [rviz2]: Message Filter dropping message: frame 'robot_front_laser_link' at time 1715239498.537 for reason 'discarding message because the queue is full'
[rviz2-1] [INFO] [1715239499.198485758] [rviz2]: Message Filter dropping message: frame 'robot_front_laser_link' at time 1715239498.588 for reason 'discarding message because the queue is full'
[rviz2-1] [INFO] [1715239499.230506752] [rviz2]: Message Filter dropping message: frame 'robot_front_laser_link' at time 1715239498.613 for reason 'discarding message because the queue is full'
[rviz2-1] [INFO] [1715239499.261982124] [rviz2]: Message Filter dropping message: frame 'robot_front_laser_link' at time 1715239498.663 for reason 'discarding message because the queue is full'
[rviz2-1] [INFO] [1715239499.294528088] [rviz2]: Message Filter dropping message: frame 'robot_front_laser_link' at time 1715239498.713 for reason 'discarding message because the queue is full'
[rviz2-1] [INFO] [1715239499.326349474] [rviz2]: Message Filter dropping message: frame 'robot_front_laser_link' at time 1715239498.763 for reason 'discarding message because the queue is full'
[rviz2-1] [INFO] [1715239499.357899250] [rviz2]: Message Filter dropping message: frame 'robot_front_laser_link' at time 1715239498.788 for reason 'discarding message because the queue is full'
[rviz2-1] [INFO] [1715239499.390264958] [rviz2]: Message Filter dropping message: frame 'robot_front_laser_link' at time 1715239498.813 for reason 'discarding message because the queue is full'
[lifecycle_manager-4] [INFO] [1715239499.391012500] [lifecycle_manager_localization]: Waiting for service amcl/get_state...
[rviz2-1] [INFO] [1715239499.422078612] [rviz2]: Message Filter dropping message: frame 'robot_front_laser_link' at time 1715239498.837 for reason 'discarding message because the queue is full'
[rviz2-1] [INFO] [1715239499.454474876] [rviz2]: Message Filter dropping message: frame 'robot_front_laser_link' at time 1715239498.863 for reason 'discarding message because the queue is full'
[rviz2-1] [INFO] [1715239499.485819893] [rviz2]: Message Filter dropping message: frame 'robot_front_laser_link' at time 1715239498.888 for reason 'discarding message because the queue is full'
[rviz2-1] [INFO] [1715239499.518249850] [rviz2]: Message Filter dropping message: frame 'robot_front_laser_link' at time 1715239498.913 for reason 'discarding message because the queue is full'
[rviz2-1] [INFO] [1715239499.550023740] [rviz2]: Message Filter dropping message: frame 'robot_front_laser_link' at time 1715239498.938 for reason 'discarding message because the queue is full'
[rviz2-1] [INFO] [1715239499.582667479] [rviz2]: Message Filter dropping message: frame 'robot_front_laser_link' at time 1715239498.964 for reason 'discarding message because the queue is full'
[rviz2-1] [INFO] [1715239499.614179890] [rviz2]: Message Filter dropping message: frame 'robot_front_laser_link' at time 1715239498.988 for reason 'discarding message because the queue is full'
[rviz2-1] [INFO] [1715239499.646764835] [rviz2]: Message Filter dropping message: frame 'robot_front_laser_link' at time 1715239499.038 for reason 'discarding message because the queue is full'
[rviz2-1] [INFO] [1715239499.677844231] [rviz2]: Message Filter dropping message: frame 'robot_front_laser_link' at time 1715239499.063 for reason 'discarding message because the queue is full'
[rviz2-1] [INFO] [1715239499.710328854] [rviz2]: Message Filter dropping message: frame 'robot_front_laser_link' at time 1715239499.088 for reason 'discarding message because the queue is full'
[rviz2-1] [INFO] [1715239499.742172572] [rviz2]: Message Filter dropping message: frame 'robot_front_laser_link' at time 1715239499.164 for reason 'discarding message because the queue is full'
[rviz2-1] [INFO] [1715239499.774770154] [rviz2]: Message Filter dropping message: frame 'robot_front_laser_link' at time 1715239499.213 for reason 'discarding message because the queue is full'
[rviz2-1] [INFO] [1715239499.806350171] [rviz2]: Message Filter dropping message: frame 'robot_front_laser_link' at time 1715239499.238 for reason 'discarding message because the queue is full'
[rviz2-1] [INFO] [1715239499.838379733] [rviz2]: Message Filter dropping message: frame 'robot_front_laser_link' at time 1715239499.263 for reason 'discarding message because the queue is full'
[rviz2-1] [INFO] [1715239499.870162725] [rviz2]: Message Filter dropping message: frame 'robot_front_laser_link' at time 1715239499.288 for reason 'discarding message because the queue is full'
[rviz2-1] [INFO] [1715239499.902701557] [rviz2]: Message Filter dropping message: frame 'robot_front_laser_link' at time 1715239499.313 for reason 'discarding message because the queue is full'
[rviz2-1] [INFO] [1715239499.934307599] [rviz2]: Message Filter dropping message: frame 'robot_front_laser_link' at time 1715239499.338 for reason 'discarding message because the queue is full'
[rviz2-1] [INFO] [1715239499.965887531] [rviz2]: Message Filter dropping message: frame 'robot_front_laser_link' at time 1715239499.388 for reason 'discarding message because the queue is full'
[rviz2-1] [INFO] [1715239499.998029434] [rviz2]: Message Filter dropping message: frame 'robot_front_laser_link' at time 1715239499.413 for reason 'discarding message because the queue is full'
[rviz2-1] [INFO] [1715239500.030615435] [rviz2]: Message Filter dropping message: frame 'robot_front_laser_link' at time 1715239499.438 for reason 'discarding message because the queue is full'
[rviz2-1] [INFO] [1715239500.062473351] [rviz2]: Message Filter dropping message: frame 'robot_front_laser_link' at time 1715239499.463 for reason 'discarding message because the queue is full'
[rviz2-1] [INFO] [1715239500.094183575] [rviz2]: Message Filter dropping message: frame 'robot_front_laser_link' at time 1715239499.491 for reason 'discarding message because the queue is full'
[rviz2-1] [INFO] [1715239500.125887222] [rviz2]: Message Filter dropping message: frame 'robot_front_laser_link' at time 1715239499.513 for reason 'discarding message because the queue is full'
[rviz2-1] [INFO] [1715239500.158093910] [rviz2]: Message Filter dropping message: frame 'robot_front_laser_link' at time 1715239499.539 for reason 'discarding message because the queue is full'
[rviz2-1] [INFO] [1715239500.190269886] [rviz2]: Message Filter dropping message: frame 'robot_front_laser_link' at time 1715239499.563 for reason 'discarding message because the queue is full'
[rviz2-1] [INFO] [1715239500.222692339] [rviz2]: Message Filter dropping message: frame 'robot_front_laser_link' at time 1715239499.613 for reason 'discarding message because the queue is full'
[rviz2-1] [INFO] [1715239500.254000209] [rviz2]: Message Filter dropping message: frame 'robot_front_laser_link' at time 1715239499.639 for reason 'discarding message because the queue is full'
[rviz2-1] [INFO] [1715239500.286025804] [rviz2]: Message Filter dropping message: frame 'robot_front_laser_link' at time 1715239499.663 for reason 'discarding message because the queue is full'
[rviz2-1] [INFO] [1715239500.318725804] [rviz2]: Message Filter dropping message: frame 'robot_front_laser_link' at time 1715239499.689 for reason 'discarding message because the queue is full'
[rviz2-1] [INFO] [1715239500.350495655] [rviz2]: Message Filter dropping message: frame 'robot_front_laser_link' at time 1715239499.739 for reason 'discarding message because the queue is full'
[rviz2-1] [INFO] [1715239500.381933380] [rviz2]: Message Filter dropping message: frame 'robot_front_laser_link' at time 1715239499.764 for reason 'discarding message because the queue is full'
[rviz2-1] [INFO] [1715239500.414434611] [rviz2]: Message Filter dropping message: frame 'robot_front_laser_link' at time 1715239499.788 for reason 'discarding message because the queue is full'
[rviz2-1] [INFO] [1715239500.446440866] [rviz2]: Message Filter dropping message: frame 'robot_front_laser_link' at time 1715239499.839 for reason 'discarding message because the queue is full'
[rviz2-1] [INFO] [1715239500.478613687] [rviz2]: Message Filter dropping message: frame 'robot_front_laser_link' at time 1715239499.865 for reason 'discarding message because the queue is full'
[rviz2-1] [INFO] [1715239500.510216734] [rviz2]: Message Filter dropping message: frame 'robot_front_laser_link' at time 1715239499.889 for reason 'discarding message because the queue is full'
[rviz2-1] [INFO] [1715239500.542267666] [rviz2]: Message Filter dropping message: frame 'robot_front_laser_link' at time 1715239499.914 for reason 'discarding message because the queue is full'
[rviz2-1] [INFO] [1715239500.574747273] [rviz2]: Message Filter dropping message: frame 'robot_front_laser_link' at time 1715239499.941 for reason 'discarding message because the queue is full'
[rviz2-1] [INFO] [1715239500.606233834] [rviz2]: Message Filter dropping message: frame 'robot_front_laser_link' at time 1715239499.964 for reason 'discarding message because the queue is full'
[rviz2-1] [INFO] [1715239500.638381882] [rviz2]: Message Filter dropping message: frame 'robot_front_laser_link' at time 1715239500.014 for reason 'discarding message because the queue is full'
[rviz2-1] [INFO] [1715239500.670589263] [rviz2]: Message Filter dropping message: frame 'robot_front_laser_link' at time 1715239500.065 for reason 'discarding message because the queue is full'
[rviz2-1] [INFO] [1715239500.702852032] [rviz2]: Message Filter dropping message: frame 'robot_front_laser_link' at time 1715239500.089 for reason 'discarding message because the queue is full'
[rviz2-1] [INFO] [1715239500.733955279] [rviz2]: Message Filter dropping message: frame 'robot_front_laser_link' at time 1715239500.114 for reason 'discarding message because the queue is full'
[rviz2-1] [INFO] [1715239500.766551716] [rviz2]: Message Filter dropping message: frame 'robot_front_laser_link' at time 1715239500.139 for reason 'discarding message because the queue is full'
[rviz2-1] [INFO] [1715239500.798269970] [rviz2]: Message Filter dropping message: frame 'robot_front_laser_link' at time 1715239500.189 for reason 'discarding message because the queue is full'
[rviz2-1] [INFO] [1715239500.830483450] [rviz2]: Message Filter dropping message: frame 'robot_front_laser_link' at time 1715239500.214 for reason 'discarding message because the queue is full'
[rviz2-1] [INFO] [1715239500.861925853] [rviz2]: Message Filter dropping message: frame 'robot_front_laser_link' at time 1715239500.239 for reason 'discarding message because the queue is full'
[rviz2-1] [INFO] [1715239500.894518831] [rviz2]: Message Filter dropping message: frame 'robot_front_laser_link' at time 1715239500.289 for reason 'discarding message because the queue is full'
[rviz2-1] [INFO] [1715239500.926545272] [rviz2]: Message Filter dropping message: frame 'robot_front_laser_link' at time 1715239500.315 for reason 'discarding message because the queue is full'
[rviz2-1] [INFO] [1715239500.958124890] [rviz2]: Message Filter dropping message: frame 'robot_front_laser_link' at time 1715239500.339 for reason 'discarding message because the queue is full'
[rviz2-1] [INFO] [1715239500.990740544] [rviz2]: Message Filter dropping message: frame 'robot_front_laser_link' at time 1715239500.389 for reason 'discarding message because the queue is full'
[rviz2-1] [INFO] [1715239501.021926471] [rviz2]: Message Filter dropping message: frame 'robot_front_laser_link' at time 1715239500.414 for reason 'discarding message because the queue is full'
[rviz2-1] [INFO] [1715239501.054399260] [rviz2]: Message Filter dropping message: frame 'robot_front_laser_link' at time 1715239500.439 for reason 'discarding message because the queue is full'
[rviz2-1] [INFO] [1715239501.086838552] [rviz2]: Message Filter dropping message: frame 'robot_front_laser_link' at time 1715239500.465 for reason 'discarding message because the queue is full'
[rviz2-1] [INFO] [1715239501.118791344] [rviz2]: Message Filter dropping message: frame 'robot_front_laser_link' at time 1715239500.490 for reason 'discarding message because the queue is full'
[rviz2-1] [INFO] [1715239501.150584801] [rviz2]: Message Filter dropping message: frame 'robot_front_laser_link' at time 1715239500.515 for reason 'discarding message because the queue is full'
[rviz2-1] [INFO] [1715239501.182132995] [rviz2]: Message Filter dropping message: frame 'robot_front_laser_link' at time 1715239500.566 for reason 'discarding message because the queue is full'
[rviz2-1] [INFO] [1715239501.214829812] [rviz2]: Message Filter dropping message: frame 'robot_front_laser_link' at time 1715239500.614 for reason 'discarding message because the queue is full'
[rviz2-1] [INFO] [1715239501.246843128] [rviz2]: Message Filter dropping message: frame 'robot_front_laser_link' at time 1715239500.640 for reason 'discarding message because the queue is full'
[rviz2-1] [INFO] [1715239501.278762229] [rviz2]: Message Filter dropping message: frame 'robot_front_laser_link' at time 1715239500.665 for reason 'discarding message because the queue is full'
[rviz2-1] [INFO] [1715239501.310751943] [rviz2]: Message Filter dropping message: frame 'robot_front_laser_link' at time 1715239500.716 for reason 'discarding message because the queue is full'
[rviz2-1] [INFO] [1715239501.342109566] [rviz2]: Message Filter dropping message: frame 'robot_front_laser_link' at time 1715239500.740 for reason 'discarding message because the queue is full'
[rviz2-1] [INFO] [1715239501.374082439] [rviz2]: Message Filter dropping message: frame 'robot_front_laser_link' at time 1715239500.765 for reason 'discarding message because the queue is full'
[lifecycle_manager-4] [INFO] [1715239501.391177693] [lifecycle_manager_localization]: Waiting for service amcl/get_state...
[rviz2-1] [INFO] [1715239501.406272605] [rviz2]: Message Filter dropping message: frame 'robot_front_laser_link' at time 1715239500.790 for reason 'discarding message because the queue is full'
[rviz2-1] [INFO] [1715239501.438516367] [rviz2]: Message Filter dropping message: frame 'robot_front_laser_link' at time 1715239500.815 for reason 'discarding message because the queue is full'
[rviz2-1] [INFO] [1715239501.470644619] [rviz2]: Message Filter dropping message: frame 'robot_front_laser_link' at time 1715239500.840 for reason 'discarding message because the queue is full'
[rviz2-1] [INFO] [1715239501.502489633] [rviz2]: Message Filter dropping message: frame 'robot_front_laser_link' at time 1715239500.890 for reason 'discarding message because the queue is full'
[rviz2-1] [INFO] [1715239501.534788363] [rviz2]: Message Filter dropping message: frame 'robot_front_laser_link' at time 1715239500.915 for reason 'discarding message because the queue is full'
[rviz2-1] [INFO] [1715239501.566898631] [rviz2]: Message Filter dropping message: frame 'robot_front_laser_link' at time 1715239500.940 for reason 'discarding message because the queue is full'
[rviz2-1] [INFO] [1715239501.598800711] [rviz2]: Message Filter dropping message: frame 'robot_front_laser_link' at time 1715239500.965 for reason 'discarding message because the queue is full'
[rviz2-1] [INFO] [1715239501.629979982] [rviz2]: Message Filter dropping message: frame 'robot_front_laser_link' at time 1715239501.015 for reason 'discarding message because the queue is full'
[rviz2-1] [INFO] [1715239501.662483662] [rviz2]: Message Filter dropping message: frame 'robot_front_laser_link' at time 1715239501.040 for reason 'discarding message because the queue is full'
[rviz2-1] [INFO] [1715239501.694271722] [rviz2]: Message Filter dropping message: frame 'robot_front_laser_link' at time 1715239501.065 for reason 'discarding message because the queue is full'
[rviz2-1] [INFO] [1715239501.726508679] [rviz2]: Message Filter dropping message: frame 'robot_front_laser_link' at time 1715239501.115 for reason 'discarding message because the queue is full'
[rviz2-1] [INFO] [1715239501.758758165] [rviz2]: Message Filter dropping message: frame 'robot_front_laser_link' at time 1715239501.140 for reason 'discarding message because the queue is full'
[rviz2-1] [INFO] [1715239501.790742146] [rviz2]: Message Filter dropping message: frame 'robot_front_laser_link' at time 1715239501.166 for reason 'discarding message because the queue is full'
[rviz2-1] [INFO] [1715239501.822405858] [rviz2]: Message Filter dropping message: frame 'robot_front_laser_link' at time 1715239501.190 for reason 'discarding message because the queue is full'
[rviz2-1] [INFO] [1715239501.853974631] [rviz2]: Message Filter dropping message: frame 'robot_front_laser_link' at time 1715239501.240 for reason 'discarding message because the queue is full'
[rviz2-1] [INFO] [1715239501.886937272] [rviz2]: Message Filter dropping message: frame 'robot_front_laser_link' at time 1715239501.266 for reason 'discarding message because the queue is full'
[rviz2-1] [INFO] [1715239501.918716798] [rviz2]: Message Filter dropping message: frame 'robot_front_laser_link' at time 1715239501.290 for reason 'discarding message because the queue is full'
[rviz2-1] [INFO] [1715239501.950122689] [rviz2]: Message Filter dropping message: frame 'robot_front_laser_link' at time 1715239501.341 for reason 'discarding message because the queue is full'
[rviz2-1] [INFO] [1715239501.982890890] [rviz2]: Message Filter dropping message: frame 'robot_front_laser_link' at time 1715239501.390 for reason 'discarding message because the queue is full'
[rviz2-1] [INFO] [1715239502.014136256] [rviz2]: Message Filter dropping message: frame 'robot_front_laser_link' at time 1715239501.416 for reason 'discarding message because the queue is full'
[rviz2-1] [INFO] [1715239502.046073241] [rviz2]: Message Filter dropping message: frame 'robot_front_laser_link' at time 1715239501.441 for reason 'discarding message because the queue is full'
[rviz2-1] [INFO] [1715239502.078048345] [rviz2]: Message Filter dropping message: frame 'robot_front_laser_link' at time 1715239501.466 for reason 'discarding message because the queue is full'
[rviz2-1] [INFO] [1715239502.110779533] [rviz2]: Message Filter dropping message: frame 'robot_front_laser_link' at time 1715239501.491 for reason 'discarding message because the queue is full'
[rviz2-1] [INFO] [1715239502.142364819] [rviz2]: Message Filter dropping message: frame 'robot_front_laser_link' at time 1715239501.516 for reason 'discarding message because the queue is full'
[rviz2-1] [INFO] [1715239502.174232939] [rviz2]: Message Filter dropping message: frame 'robot_front_laser_link' at time 1715239501.566 for reason 'discarding message because the queue is full'
[rviz2-1] [INFO] [1715239502.206023088] [rviz2]: Message Filter dropping message: frame 'robot_front_laser_link' at time 1715239501.591 for reason 'discarding message because the queue is full'
[rviz2-1] [INFO] [1715239502.237954866] [rviz2]: Message Filter dropping message: frame 'robot_front_laser_link' at time 1715239501.616 for reason 'discarding message because the queue is full'
[rviz2-1] [INFO] [1715239502.270018028] [rviz2]: Message Filter dropping message: frame 'robot_front_laser_link' at time 1715239501.641 for reason 'discarding message because the queue is full'
[rviz2-1] [INFO] [1715239502.302782035] [rviz2]: Message Filter dropping message: frame 'robot_front_laser_link' at time 1715239501.666 for reason 'discarding message because the queue is full'
[rviz2-1] [INFO] [1715239502.334954978] [rviz2]: Message Filter dropping message: frame 'robot_front_laser_link' at time 1715239501.691 for reason 'discarding message because the queue is full'
[rviz2-1] [INFO] [1715239502.366654523] [rviz2]: Message Filter dropping message: frame 'robot_front_laser_link' at time 1715239501.766 for reason 'discarding message because the queue is full'
[rviz2-1] [INFO] [1715239502.398757555] [rviz2]: Message Filter dropping message: frame 'robot_front_laser_link' at time 1715239501.791 for reason 'discarding message because the queue is full'
[rviz2-1] [INFO] [1715239502.430792823] [rviz2]: Message Filter dropping message: frame 'robot_front_laser_link' at time 1715239501.816 for reason 'discarding message because the queue is full'
[rviz2-1] [INFO] [1715239502.462921317] [rviz2]: Message Filter dropping message: frame 'robot_front_laser_link' at time 1715239501.841 for reason 'discarding message because the queue is full'
[rviz2-1] [INFO] [1715239502.494097281] [rviz2]: Message Filter dropping message: frame 'robot_front_laser_link' at time 1715239501.866 for reason 'discarding message because the queue is full'
[rviz2-1] [INFO] [1715239502.526283266] [rviz2]: Message Filter dropping message: frame 'robot_front_laser_link' at time 1715239501.919 for reason 'discarding message because the queue is full'
[rviz2-1] [INFO] [1715239502.558670914] [rviz2]: Message Filter dropping message: frame 'robot_front_laser_link' at time 1715239501.941 for reason 'discarding message because the queue is full'
[rviz2-1] [INFO] [1715239502.590800611] [rviz2]: Message Filter dropping message: frame 'robot_front_laser_link' at time 1715239501.966 for reason 'discarding message because the queue is full'
[rviz2-1] [INFO] [1715239502.622193281] [rviz2]: Message Filter dropping message: frame 'robot_front_laser_link' at time 1715239502.016 for reason 'discarding message because the queue is full'
[rviz2-1] [INFO] [1715239502.654009849] [rviz2]: Message Filter dropping message: frame 'robot_front_laser_link' at time 1715239502.042 for reason 'discarding message because the queue is full'
[rviz2-1] [INFO] [1715239502.686665074] [rviz2]: Message Filter dropping message: frame 'robot_front_laser_link' at time 1715239502.066 for reason 'discarding message because the queue is full'
[rviz2-1] [INFO] [1715239502.718615354] [rviz2]: Message Filter dropping message: frame 'robot_front_laser_link' at time 1715239502.092 for reason 'discarding message because the queue is full'
[rviz2-1] [INFO] [1715239502.750951557] [rviz2]: Message Filter dropping message: frame 'robot_front_laser_link' at time 1715239502.142 for reason 'discarding message because the queue is full'
[rviz2-1] [INFO] [1715239502.782993057] [rviz2]: Message Filter dropping message: frame 'robot_front_laser_link' at time 1715239502.166 for reason 'discarding message because the queue is full'
[rviz2-1] [INFO] [1715239502.814891579] [rviz2]: Message Filter dropping message: frame 'robot_front_laser_link' at time 1715239502.192 for reason 'discarding message because the queue is full'
[rviz2-1] [INFO] [1715239502.846293451] [rviz2]: Message Filter dropping message: frame 'robot_front_laser_link' at time 1715239502.217 for reason 'discarding message because the queue is full'
[rviz2-1] [INFO] [1715239502.878247833] [rviz2]: Message Filter dropping message: frame 'robot_front_laser_link' at time 1715239502.267 for reason 'discarding message because the queue is full'
[rviz2-1] [INFO] [1715239502.910964118] [rviz2]: Message Filter dropping message: frame 'robot_front_laser_link' at time 1715239502.292 for reason 'discarding message because the queue is full'
[rviz2-1] [INFO] [1715239502.942261572] [rviz2]: Message Filter dropping message: frame 'robot_front_laser_link' at time 1715239502.317 for reason 'discarding message because the queue is full'
[rviz2-1] [INFO] [1715239502.974022750] [rviz2]: Message Filter dropping message: frame 'robot_front_laser_link' at time 1715239502.367 for reason 'discarding message because the queue is full'
[rviz2-1] [INFO] [1715239503.006831022] [rviz2]: Message Filter dropping message: frame 'robot_front_laser_link' at time 1715239502.392 for reason 'discarding message because the queue is full'
[rviz2-1] [INFO] [1715239503.038228228] [rviz2]: Message Filter dropping message: frame 'robot_front_laser_link' at time 1715239502.417 for reason 'discarding message because the queue is full'
[rviz2-1] [INFO] [1715239503.070352452] [rviz2]: Message Filter dropping message: frame 'robot_front_laser_link' at time 1715239502.442 for reason 'discarding message because the queue is full'
[rviz2-1] [INFO] [1715239503.102159246] [rviz2]: Message Filter dropping message: frame 'robot_front_laser_link' at time 1715239502.492 for reason 'discarding message because the queue is full'
[rviz2-1] [INFO] [1715239503.134339220] [rviz2]: Message Filter dropping message: frame 'robot_front_laser_link' at time 1715239502.517 for reason 'discarding message because the queue is full'
[rviz2-1] [INFO] [1715239503.166403836] [rviz2]: Message Filter dropping message: frame 'robot_front_laser_link' at time 1715239502.542 for reason 'discarding message because the queue is full'
[rviz2-1] [INFO] [1715239503.198586267] [rviz2]: Message Filter dropping message: frame 'robot_front_laser_link' at time 1715239502.592 for reason 'discarding message because the queue is full'
[rviz2-1] [INFO] [1715239503.230111665] [rviz2]: Message Filter dropping message: frame 'robot_front_laser_link' at time 1715239502.617 for reason 'discarding message because the queue is full'
[rviz2-1] [INFO] [1715239503.262985385] [rviz2]: Message Filter dropping message: frame 'robot_front_laser_link' at time 1715239502.644 for reason 'discarding message because the queue is full'
[rviz2-1] [INFO] [1715239503.294565919] [rviz2]: Message Filter dropping message: frame 'robot_front_laser_link' at time 1715239502.667 for reason 'discarding message because the queue is full'
[rviz2-1] [INFO] [1715239503.326603027] [rviz2]: Message Filter dropping message: frame 'robot_front_laser_link' at time 1715239502.717 for reason 'discarding message because the queue is full'
[rviz2-1] [INFO] [1715239503.358106573] [rviz2]: Message Filter dropping message: frame 'robot_front_laser_link' at time 1715239502.742 for reason 'discarding message because the queue is full'
[rviz2-1] [INFO] [1715239503.390687680] [rviz2]: Message Filter dropping message: frame 'robot_front_laser_link' at time 1715239502.792 for reason 'discarding message because the queue is full'
[lifecycle_manager-4] [INFO] [1715239503.391371605] [lifecycle_manager_localization]: Waiting for service amcl/get_state...
[rviz2-1] [INFO] [1715239503.422960430] [rviz2]: Message Filter dropping message: frame 'robot_front_laser_link' at time 1715239502.843 for reason 'discarding message because the queue is full'
[rviz2-1] [INFO] [1715239503.454994292] [rviz2]: Message Filter dropping message: frame 'robot_front_laser_link' at time 1715239502.868 for reason 'discarding message because the queue is full'
[rviz2-1] [INFO] [1715239503.487166004] [rviz2]: Message Filter dropping message: frame 'robot_front_laser_link' at time 1715239502.893 for reason 'discarding message because the queue is full'
[rviz2-1] [INFO] [1715239503.518522012] [rviz2]: Message Filter dropping message: frame 'robot_front_laser_link' at time 1715239502.918 for reason 'discarding message because the queue is full'
[rviz2-1] [INFO] [1715239503.551131096] [rviz2]: Message Filter dropping message: frame 'robot_front_laser_link' at time 1715239502.943 for reason 'discarding message because the queue is full'
[rviz2-1] [INFO] [1715239503.582076394] [rviz2]: Message Filter dropping message: frame 'robot_front_laser_link' at time 1715239502.968 for reason 'discarding message because the queue is full'
[rviz2-1] [INFO] [1715239503.614921699] [rviz2]: Message Filter dropping message: frame 'robot_front_laser_link' at time 1715239503.018 for reason 'discarding message because the queue is full'
[rviz2-1] [INFO] [1715239503.646198345] [rviz2]: Message Filter dropping message: frame 'robot_front_laser_link' at time 1715239503.068 for reason 'discarding message because the queue is full'
[rviz2-1] [INFO] [1715239503.678743687] [rviz2]: Message Filter dropping message: frame 'robot_front_laser_link' at time 1715239503.093 for reason 'discarding message because the queue is full'
[rviz2-1] [INFO] [1715239503.710207886] [rviz2]: Message Filter dropping message: frame 'robot_front_laser_link' at time 1715239503.118 for reason 'discarding message because the queue is full'
[rviz2-1] [INFO] [1715239503.742359775] [rviz2]: Message Filter dropping message: frame 'robot_front_laser_link' at time 1715239503.143 for reason 'discarding message because the queue is full'
[rviz2-1] [INFO] [1715239503.774811945] [rviz2]: Message Filter dropping message: frame 'robot_front_laser_link' at time 1715239503.168 for reason 'discarding message because the queue is full'
[rviz2-1] [INFO] [1715239503.806757518] [rviz2]: Message Filter dropping message: frame 'robot_front_laser_link' at time 1715239503.193 for reason 'discarding message because the queue is full'
[rviz2-1] [INFO] [1715239503.838374334] [rviz2]: Message Filter dropping message: frame 'robot_front_laser_link' at time 1715239503.218 for reason 'discarding message because the queue is full'
[rviz2-1] [INFO] [1715239503.870320581] [rviz2]: Message Filter dropping message: frame 'robot_front_laser_link' at time 1715239503.243 for reason 'discarding message because the queue is full'
[rviz2-1] [INFO] [1715239503.902790700] [rviz2]: Message Filter dropping message: frame 'robot_front_laser_link' at time 1715239503.269 for reason 'discarding message because the queue is full'
[rviz2-1] [INFO] [1715239503.935003172] [rviz2]: Message Filter dropping message: frame 'robot_front_laser_link' at time 1715239503.293 for reason 'discarding message because the queue is full'
[rviz2-1] [INFO] [1715239503.966627777] [rviz2]: Message Filter dropping message: frame 'robot_front_laser_link' at time 1715239503.343 for reason 'discarding message because the queue is full'
[rviz2-1] [INFO] [1715239503.998513220] [rviz2]: Message Filter dropping message: frame 'robot_front_laser_link' at time 1715239503.393 for reason 'discarding message because the queue is full'
[rviz2-1] [INFO] [1715239504.030849575] [rviz2]: Message Filter dropping message: frame 'robot_front_laser_link' at time 1715239503.418 for reason 'discarding message because the queue is full'
[rviz2-1] [INFO] [1715239504.062663621] [rviz2]: Message Filter dropping message: frame 'robot_front_laser_link' at time 1715239503.444 for reason 'discarding message because the queue is full'
[rviz2-1] [INFO] [1715239504.094402392] [rviz2]: Message Filter dropping message: frame 'robot_front_laser_link' at time 1715239503.493 for reason 'discarding message because the queue is full'
[rviz2-1] [INFO] [1715239504.126283068] [rviz2]: Message Filter dropping message: frame 'robot_front_laser_link' at time 1715239503.519 for reason 'discarding message because the queue is full'
[rviz2-1] [INFO] [1715239504.158781248] [rviz2]: Message Filter dropping message: frame 'robot_front_laser_link' at time 1715239503.545 for reason 'discarding message because the queue is full'
[rviz2-1] [INFO] [1715239504.190621760] [rviz2]: Message Filter dropping message: frame 'robot_front_laser_link' at time 1715239503.569 for reason 'discarding message because the queue is full'
[rviz2-1] [INFO] [1715239504.222588022] [rviz2]: Message Filter dropping message: frame 'robot_front_laser_link' at time 1715239503.619 for reason 'discarding message because the queue is full'
[rviz2-1] [INFO] [1715239504.254515403] [rviz2]: Message Filter dropping message: frame 'robot_front_laser_link' at time 1715239503.644 for reason 'discarding message because the queue is full'
[rviz2-1] [INFO] [1715239504.286628862] [rviz2]: Message Filter dropping message: frame 'robot_front_laser_link' at time 1715239503.668 for reason 'discarding message because the queue is full'
[rviz2-1] [INFO] [1715239504.319078772] [rviz2]: Message Filter dropping message: frame 'robot_front_laser_link' at time 1715239503.694 for reason 'discarding message because the queue is full'
[rviz2-1] [INFO] [1715239504.350442238] [rviz2]: Message Filter dropping message: frame 'robot_front_laser_link' at time 1715239503.722 for reason 'discarding message because the queue is full'
[rviz2-1] [INFO] [1715239504.382554690] [rviz2]: Message Filter dropping message: frame 'robot_front_laser_link' at time 1715239503.745 for reason 'discarding message because the queue is full'
[rviz2-1] [INFO] [1715239504.414623021] [rviz2]: Message Filter dropping message: frame 'robot_front_laser_link' at time 1715239503.794 for reason 'discarding message because the queue is full'
[rviz2-1] [INFO] [1715239504.446118344] [rviz2]: Message Filter dropping message: frame 'robot_front_laser_link' at time 1715239503.819 for reason 'discarding message because the queue is full'
[rviz2-1] [INFO] [1715239504.478238549] [rviz2]: Message Filter dropping message: frame 'robot_front_laser_link' at time 1715239503.844 for reason 'discarding message because the queue is full'
[rviz2-1] [INFO] [1715239504.510356259] [rviz2]: Message Filter dropping message: frame 'robot_front_laser_link' at time 1715239503.894 for reason 'discarding message because the queue is full'
[rviz2-1] [INFO] [1715239504.542692138] [rviz2]: Message Filter dropping message: frame 'robot_front_laser_link' at time 1715239503.944 for reason 'discarding message because the queue is full'
[rviz2-1] [INFO] [1715239504.574296762] [rviz2]: Message Filter dropping message: frame 'robot_front_laser_link' at time 1715239503.969 for reason 'discarding message because the queue is full'
[rviz2-1] [INFO] [1715239504.607113559] [rviz2]: Message Filter dropping message: frame 'robot_front_laser_link' at time 1715239503.994 for reason 'discarding message because the queue is full'
[rviz2-1] [INFO] [1715239504.638798482] [rviz2]: Message Filter dropping message: frame 'robot_front_laser_link' at time 1715239504.019 for reason 'discarding message because the queue is full'
[rviz2-1] [INFO] [1715239504.670478171] [rviz2]: Message Filter dropping message: frame 'robot_front_laser_link' at time 1715239504.069 for reason 'discarding message because the queue is full'
[rviz2-1] [INFO] [1715239504.702713480] [rviz2]: Message Filter dropping message: frame 'robot_front_laser_link' at time 1715239504.094 for reason 'discarding message because the queue is full'
[rviz2-1] [INFO] [1715239504.735010484] [rviz2]: Message Filter dropping message: frame 'robot_front_laser_link' at time 1715239504.119 for reason 'discarding message because the queue is full'
[rviz2-1] [INFO] [1715239504.766797692] [rviz2]: Message Filter dropping message: frame 'robot_front_laser_link' at time 1715239504.170 for reason 'discarding message because the queue is full'
[rviz2-1] [INFO] [1715239504.798809439] [rviz2]: Message Filter dropping message: frame 'robot_front_laser_link' at time 1715239504.194 for reason 'discarding message because the queue is full'
[rviz2-1] [INFO] [1715239504.830209087] [rviz2]: Message Filter dropping message: frame 'robot_front_laser_link' at time 1715239504.220 for reason 'discarding message because the queue is full'
[rviz2-1] [INFO] [1715239504.862642015] [rviz2]: Message Filter dropping message: frame 'robot_front_laser_link' at time 1715239504.245 for reason 'discarding message because the queue is full'
[rviz2-1] [INFO] [1715239504.894405820] [rviz2]: Message Filter dropping message: frame 'robot_front_laser_link' at time 1715239504.270 for reason 'discarding message because the queue is full'
[rviz2-1] [INFO] [1715239504.927174112] [rviz2]: Message Filter dropping message: frame 'robot_front_laser_link' at time 1715239504.295 for reason 'discarding message because the queue is full'
[rviz2-1] [INFO] [1715239504.958770607] [rviz2]: Message Filter dropping message: frame 'robot_front_laser_link' at time 1715239504.345 for reason 'discarding message because the queue is full'
[rviz2-1] [INFO] [1715239504.990543523] [rviz2]: Message Filter dropping message: frame 'robot_front_laser_link' at time 1715239504.395 for reason 'discarding message because the queue is full'
[rviz2-1] [INFO] [1715239505.023150833] [rviz2]: Message Filter dropping message: frame 'robot_front_laser_link' at time 1715239504.420 for reason 'discarding message because the queue is full'
[rviz2-1] [INFO] [1715239505.055100718] [rviz2]: Message Filter dropping message: frame 'robot_front_laser_link' at time 1715239504.445 for reason 'discarding message because the queue is full'
[rviz2-1] [INFO] [1715239505.087058219] [rviz2]: Message Filter dropping message: frame 'robot_front_laser_link' at time 1715239504.470 for reason 'discarding message because the queue is full'
[rviz2-1] [INFO] [1715239505.118999681] [rviz2]: Message Filter dropping message: frame 'robot_front_laser_link' at time 1715239504.495 for reason 'discarding message because the queue is full'
[rviz2-1] [INFO] [1715239505.151054401] [rviz2]: Message Filter dropping message: frame 'robot_front_laser_link' at time 1715239504.519 for reason 'discarding message because the queue is full'
[rviz2-1] [INFO] [1715239505.183000532] [rviz2]: Message Filter dropping message: frame 'robot_front_laser_link' at time 1715239504.570 for reason 'discarding message because the queue is full'
[rviz2-1] [INFO] [1715239505.214908356] [rviz2]: Message Filter dropping message: frame 'robot_front_laser_link' at time 1715239504.620 for reason 'discarding message because the queue is full'
[rviz2-1] [INFO] [1715239505.246202505] [rviz2]: Message Filter dropping message: frame 'robot_front_laser_link' at time 1715239504.645 for reason 'discarding message because the queue is full'
[rviz2-1] [INFO] [1715239505.279171407] [rviz2]: Message Filter dropping message: frame 'robot_front_laser_link' at time 1715239504.670 for reason 'discarding message because the queue is full'
[rviz2-1] [INFO] [1715239505.311145111] [rviz2]: Message Filter dropping message: frame 'robot_front_laser_link' at time 1715239504.695 for reason 'discarding message because the queue is full'
[rviz2-1] [INFO] [1715239505.342402255] [rviz2]: Message Filter dropping message: frame 'robot_front_laser_link' at time 1715239504.720 for reason 'discarding message because the queue is full'
[rviz2-1] [INFO] [1715239505.374241335] [rviz2]: Message Filter dropping message: frame 'robot_front_laser_link' at time 1715239504.745 for reason 'discarding message because the queue is full'
[lifecycle_manager-4] [INFO] [1715239505.391536445] [lifecycle_manager_localization]: Waiting for service amcl/get_state...
[rviz2-1] [INFO] [1715239505.406997492] [rviz2]: Message Filter dropping message: frame 'robot_front_laser_link' at time 1715239504.797 for reason 'discarding message because the queue is full'
[rviz2-1] [INFO] [1715239505.438282466] [rviz2]: Message Filter dropping message: frame 'robot_front_laser_link' at time 1715239504.820 for reason 'discarding message because the queue is full'
[rviz2-1] [INFO] [1715239505.471165990] [rviz2]: Message Filter dropping message: frame 'robot_front_laser_link' at time 1715239504.845 for reason 'discarding message because the queue is full'
[rviz2-1] [INFO] [1715239505.503090264] [rviz2]: Message Filter dropping message: frame 'robot_front_laser_link' at time 1715239504.870 for reason 'discarding message because the queue is full'
[rviz2-1] [INFO] [1715239505.534520519] [rviz2]: Message Filter dropping message: frame 'robot_front_laser_link' at time 1715239504.920 for reason 'discarding message because the queue is full'
[rviz2-1] [INFO] [1715239505.566347112] [rviz2]: Message Filter dropping message: frame 'robot_front_laser_link' at time 1715239504.946 for reason 'discarding message because the queue is full'
[rviz2-1] [INFO] [1715239505.599138396] [rviz2]: Message Filter dropping message: frame 'robot_front_laser_link' at time 1715239504.970 for reason 'discarding message because the queue is full'
[rviz2-1] [INFO] [1715239505.631177146] [rviz2]: Message Filter dropping message: frame 'robot_front_laser_link' at time 1715239504.996 for reason 'discarding message because the queue is full'
[rviz2-1] [INFO] [1715239505.662773100] [rviz2]: Message Filter dropping message: frame 'robot_front_laser_link' at time 1715239505.046 for reason 'discarding message because the queue is full'
[rviz2-1] [INFO] [1715239505.694789287] [rviz2]: Message Filter dropping message: frame 'robot_front_laser_link' at time 1715239505.071 for reason 'discarding message because the queue is full'
[rviz2-1] [INFO] [1715239505.726295617] [rviz2]: Message Filter dropping message: frame 'robot_front_laser_link' at time 1715239505.096 for reason 'discarding message because the queue is full'
[rviz2-1] [INFO] [1715239505.758234169] [rviz2]: Message Filter dropping message: frame 'robot_front_laser_link' at time 1715239505.146 for reason 'discarding message because the queue is full'
[rviz2-1] [INFO] [1715239505.790919817] [rviz2]: Message Filter dropping message: frame 'robot_front_laser_link' at time 1715239505.171 for reason 'discarding message because the queue is full'
[rviz2-1] [INFO] [1715239505.822515628] [rviz2]: Message Filter dropping message: frame 'robot_front_laser_link' at time 1715239505.195 for reason 'discarding message because the queue is full'
[rviz2-1] [INFO] [1715239505.854378454] [rviz2]: Message Filter dropping message: frame 'robot_front_laser_link' at time 1715239505.221 for reason 'discarding message because the queue is full'
[rviz2-1] [INFO] [1715239505.886650779] [rviz2]: Message Filter dropping message: frame 'robot_front_laser_link' at time 1715239505.271 for reason 'discarding message because the queue is full'
[rviz2-1] [INFO] [1715239505.918230182] [rviz2]: Message Filter dropping message: frame 'robot_front_laser_link' at time 1715239505.296 for reason 'discarding message because the queue is full'
[rviz2-1] [INFO] [1715239505.951074464] [rviz2]: Message Filter dropping message: frame 'robot_front_laser_link' at time 1715239505.321 for reason 'discarding message because the queue is full'
[rviz2-1] [INFO] [1715239505.982903621] [rviz2]: Message Filter dropping message: frame 'robot_front_laser_link' at time 1715239505.371 for reason 'discarding message because the queue is full'
[rviz2-1] [INFO] [1715239506.014835863] [rviz2]: Message Filter dropping message: frame 'robot_front_laser_link' at time 1715239505.396 for reason 'discarding message because the queue is full'
[rviz2-1] [INFO] [1715239506.046772037] [rviz2]: Message Filter dropping message: frame 'robot_front_laser_link' at time 1715239505.421 for reason 'discarding message because the queue is full'
[rviz2-1] [INFO] [1715239506.078801043] [rviz2]: Message Filter dropping message: frame 'robot_front_laser_link' at time 1715239505.496 for reason 'discarding message because the queue is full'
[rviz2-1] [INFO] [1715239506.110822763] [rviz2]: Message Filter dropping message: frame 'robot_front_laser_link' at time 1715239505.546 for reason 'discarding message because the queue is full'
[rviz2-1] [INFO] [1715239506.143186796] [rviz2]: Message Filter dropping message: frame 'robot_front_laser_link' at time 1715239505.571 for reason 'discarding message because the queue is full'
[rviz2-1] [INFO] [1715239506.175235489] [rviz2]: Message Filter dropping message: frame 'robot_front_laser_link' at time 1715239505.597 for reason 'discarding message because the queue is full'
[rviz2-1] [INFO] [1715239506.206435971] [rviz2]: Message Filter dropping message: frame 'robot_front_laser_link' at time 1715239505.622 for reason 'discarding message because the queue is full'
[rviz2-1] [INFO] [1715239506.238861684] [rviz2]: Message Filter dropping message: frame 'robot_front_laser_link' at time 1715239505.646 for reason 'discarding message because the queue is full'
[rviz2-1] [INFO] [1715239506.270728170] [rviz2]: Message Filter dropping message: frame 'robot_front_laser_link' at time 1715239505.672 for reason 'discarding message because the queue is full'
[rviz2-1] [INFO] [1715239506.302689065] [rviz2]: Message Filter dropping message: frame 'robot_front_laser_link' at time 1715239505.697 for reason 'discarding message because the queue is full'
[rviz2-1] [INFO] [1715239506.335157066] [rviz2]: Message Filter dropping message: frame 'robot_front_laser_link' at time 1715239505.721 for reason 'discarding message because the queue is full'
[rviz2-1] [INFO] [1715239506.367193425] [rviz2]: Message Filter dropping message: frame 'robot_front_laser_link' at time 1715239505.772 for reason 'discarding message because the queue is full'
[rviz2-1] [INFO] [1715239506.399137012] [rviz2]: Message Filter dropping message: frame 'robot_front_laser_link' at time 1715239505.797 for reason 'discarding message because the queue is full'
[rviz2-1] [INFO] [1715239506.430736823] [rviz2]: Message Filter dropping message: frame 'robot_front_laser_link' at time 1715239505.822 for reason 'discarding message because the queue is full'
[rviz2-1] [INFO] [1715239506.463080450] [rviz2]: Message Filter dropping message: frame 'robot_front_laser_link' at time 1715239505.847 for reason 'discarding message because the queue is full'
[rviz2-1] [INFO] [1715239506.495104436] [rviz2]: Message Filter dropping message: frame 'robot_front_laser_link' at time 1715239505.871 for reason 'discarding message because the queue is full'
[rviz2-1] [INFO] [1715239506.526571536] [rviz2]: Message Filter dropping message: frame 'robot_front_laser_link' at time 1715239505.896 for reason 'discarding message because the queue is full'
[rviz2-1] [INFO] [1715239506.558567507] [rviz2]: Message Filter dropping message: frame 'robot_front_laser_link' at time 1715239505.947 for reason 'discarding message because the queue is full'
[rviz2-1] [INFO] [1715239506.590737143] [rviz2]: Message Filter dropping message: frame 'robot_front_laser_link' at time 1715239505.972 for reason 'discarding message because the queue is full'
[rviz2-1] [INFO] [1715239506.622494766] [rviz2]: Message Filter dropping message: frame 'robot_front_laser_link' at time 1715239505.997 for reason 'discarding message because the queue is full'
[rviz2-1] [INFO] [1715239506.654534412] [rviz2]: Message Filter dropping message: frame 'robot_front_laser_link' at time 1715239506.047 for reason 'discarding message because the queue is full'
[rviz2-1] [INFO] [1715239506.686664127] [rviz2]: Message Filter dropping message: frame 'robot_front_laser_link' at time 1715239506.072 for reason 'discarding message because the queue is full'
[rviz2-1] [INFO] [1715239506.718351161] [rviz2]: Message Filter dropping message: frame 'robot_front_laser_link' at time 1715239506.097 for reason 'discarding message because the queue is full'
[rviz2-1] [INFO] [1715239506.750534850] [rviz2]: Message Filter dropping message: frame 'robot_front_laser_link' at time 1715239506.122 for reason 'discarding message because the queue is full'
[rviz2-1] [INFO] [1715239506.783232458] [rviz2]: Message Filter dropping message: frame 'robot_front_laser_link' at time 1715239506.172 for reason 'discarding message because the queue is full'
[rviz2-1] [INFO] [1715239506.815051296] [rviz2]: Message Filter dropping message: frame 'robot_front_laser_link' at time 1715239506.197 for reason 'discarding message because the queue is full'
[rviz2-1] [INFO] [1715239506.847285282] [rviz2]: Message Filter dropping message: frame 'robot_front_laser_link' at time 1715239506.222 for reason 'discarding message because the queue is full'
[rviz2-1] [INFO] [1715239506.879235686] [rviz2]: Message Filter dropping message: frame 'robot_front_laser_link' at time 1715239506.272 for reason 'discarding message because the queue is full'
[rviz2-1] [INFO] [1715239506.911134058] [rviz2]: Message Filter dropping message: frame 'robot_front_laser_link' at time 1715239506.297 for reason 'discarding message because the queue is full'
[rviz2-1] [INFO] [1715239506.943301027] [rviz2]: Message Filter dropping message: frame 'robot_front_laser_link' at time 1715239506.322 for reason 'discarding message because the queue is full'
[rviz2-1] [INFO] [1715239506.974962754] [rviz2]: Message Filter dropping message: frame 'robot_front_laser_link' at time 1715239506.348 for reason 'discarding message because the queue is full'
[rviz2-1] [INFO] [1715239507.006867569] [rviz2]: Message Filter dropping message: frame 'robot_front_laser_link' at time 1715239506.398 for reason 'discarding message because the queue is full'
[rviz2-1] [INFO] [1715239507.039193275] [rviz2]: Message Filter dropping message: frame 'robot_front_laser_link' at time 1715239506.422 for reason 'discarding message because the queue is full'
[rviz2-1] [INFO] [1715239507.070955275] [rviz2]: Message Filter dropping message: frame 'robot_front_laser_link' at time 1715239506.448 for reason 'discarding message because the queue is full'
[rviz2-1] [INFO] [1715239507.102926099] [rviz2]: Message Filter dropping message: frame 'robot_front_laser_link' at time 1715239506.498 for reason 'discarding message because the queue is full'
[rviz2-1] [INFO] [1715239507.135040106] [rviz2]: Message Filter dropping message: frame 'robot_front_laser_link' at time 1715239506.527 for reason 'discarding message because the queue is full'
[rviz2-1] [INFO] [1715239507.166850777] [rviz2]: Message Filter dropping message: frame 'robot_front_laser_link' at time 1715239506.548 for reason 'discarding message because the queue is full'
[rviz2-1] [INFO] [1715239507.198857632] [rviz2]: Message Filter dropping message: frame 'robot_front_laser_link' at time 1715239506.573 for reason 'discarding message because the queue is full'
[rviz2-1] [INFO] [1715239507.230610309] [rviz2]: Message Filter dropping message: frame 'robot_front_laser_link' at time 1715239506.623 for reason 'discarding message because the queue is full'
[rviz2-1] [INFO] [1715239507.262779564] [rviz2]: Message Filter dropping message: frame 'robot_front_laser_link' at time 1715239506.648 for reason 'discarding message because the queue is full'
[rviz2-1] [INFO] [1715239507.294852408] [rviz2]: Message Filter dropping message: frame 'robot_front_laser_link' at time 1715239506.673 for reason 'discarding message because the queue is full'
[rviz2-1] [INFO] [1715239507.327276783] [rviz2]: Message Filter dropping message: frame 'robot_front_laser_link' at time 1715239506.698 for reason 'discarding message because the queue is full'
[rviz2-1] [INFO] [1715239507.358822588] [rviz2]: Message Filter dropping message: frame 'robot_front_laser_link' at time 1715239506.748 for reason 'discarding message because the queue is full'
[rviz2-1] [INFO] [1715239507.390418482] [rviz2]: Message Filter dropping message: frame 'robot_front_laser_link' at time 1715239506.773 for reason 'discarding message because the queue is full'
[lifecycle_manager-4] [INFO] [1715239507.391718324] [lifecycle_manager_localization]: Waiting for service amcl/get_state...
[rviz2-1] [INFO] [1715239507.422906780] [rviz2]: Message Filter dropping message: frame 'robot_front_laser_link' at time 1715239506.798 for reason 'discarding message because the queue is full'
[rviz2-1] [INFO] [1715239507.454653720] [rviz2]: Message Filter dropping message: frame 'robot_front_laser_link' at time 1715239506.873 for reason 'discarding message because the queue is full'
[rviz2-1] [INFO] [1715239507.486635824] [rviz2]: Message Filter dropping message: frame 'robot_front_laser_link' at time 1715239506.898 for reason 'discarding message because the queue is full'
[rviz2-1] [INFO] [1715239507.518675765] [rviz2]: Message Filter dropping message: frame 'robot_front_laser_link' at time 1715239506.923 for reason 'discarding message because the queue is full'
[rviz2-1] [INFO] [1715239507.550964561] [rviz2]: Message Filter dropping message: frame 'robot_front_laser_link' at time 1715239506.948 for reason 'discarding message because the queue is full'
[rviz2-1] [INFO] [1715239507.582672896] [rviz2]: Message Filter dropping message: frame 'robot_front_laser_link' at time 1715239506.998 for reason 'discarding message because the queue is full'
[rviz2-1] [INFO] [1715239507.614582250] [rviz2]: Message Filter dropping message: frame 'robot_front_laser_link' at time 1715239507.024 for reason 'discarding message because the queue is full'
[rviz2-1] [INFO] [1715239507.646921447] [rviz2]: Message Filter dropping message: frame 'robot_front_laser_link' at time 1715239507.048 for reason 'discarding message because the queue is full'
[rviz2-1] [INFO] [1715239507.678960311] [rviz2]: Message Filter dropping message: frame 'robot_front_laser_link' at time 1715239507.074 for reason 'discarding message because the queue is full'
[rviz2-1] [INFO] [1715239507.711117002] [rviz2]: Message Filter dropping message: frame 'robot_front_laser_link' at time 1715239507.098 for reason 'discarding message because the queue is full'
[rviz2-1] [INFO] [1715239507.743034680] [rviz2]: Message Filter dropping message: frame 'robot_front_laser_link' at time 1715239507.123 for reason 'discarding message because the queue is full'
[rviz2-1] [INFO] [1715239507.775197983] [rviz2]: Message Filter dropping message: frame 'robot_front_laser_link' at time 1715239507.148 for reason 'discarding message because the queue is full'
[rviz2-1] [INFO] [1715239507.806437962] [rviz2]: Message Filter dropping message: frame 'robot_front_laser_link' at time 1715239507.199 for reason 'discarding message because the queue is full'
[rviz2-1] [INFO] [1715239507.838833068] [rviz2]: Message Filter dropping message: frame 'robot_front_laser_link' at time 1715239507.224 for reason 'discarding message because the queue is full'
[rviz2-1] [INFO] [1715239507.871162855] [rviz2]: Message Filter dropping message: frame 'robot_front_laser_link' at time 1715239507.249 for reason 'discarding message because the queue is full'
[rviz2-1] [INFO] [1715239507.903252973] [rviz2]: Message Filter dropping message: frame 'robot_front_laser_link' at time 1715239507.299 for reason 'discarding message because the queue is full'
[rviz2-1] [INFO] [1715239507.934451830] [rviz2]: Message Filter dropping message: frame 'robot_front_laser_link' at time 1715239507.323 for reason 'discarding message because the queue is full'
[rviz2-1] [INFO] [1715239507.967140828] [rviz2]: Message Filter dropping message: frame 'robot_front_laser_link' at time 1715239507.349 for reason 'discarding message because the queue is full'
[rviz2-1] [INFO] [1715239507.999263986] [rviz2]: Message Filter dropping message: frame 'robot_front_laser_link' at time 1715239507.374 for reason 'discarding message because the queue is full'
[rviz2-1] [INFO] [1715239508.030903431] [rviz2]: Message Filter dropping message: frame 'robot_front_laser_link' at time 1715239507.399 for reason 'discarding message because the queue is full'
[rviz2-1] [INFO] [1715239508.062899200] [rviz2]: Message Filter dropping message: frame 'robot_front_laser_link' at time 1715239507.424 for reason 'discarding message because the queue is full'
[rviz2-1] [INFO] [1715239508.095324755] [rviz2]: Message Filter dropping message: frame 'robot_front_laser_link' at time 1715239507.474 for reason 'discarding message because the queue is full'
[rviz2-1] [INFO] [1715239508.127114489] [rviz2]: Message Filter dropping message: frame 'robot_front_laser_link' at time 1715239507.524 for reason 'discarding message because the queue is full'
[rviz2-1] [INFO] [1715239508.158447554] [rviz2]: Message Filter dropping message: frame 'robot_front_laser_link' at time 1715239507.549 for reason 'discarding message because the queue is full'
[rviz2-1] [INFO] [1715239508.191058009] [rviz2]: Message Filter dropping message: frame 'robot_front_laser_link' at time 1715239507.574 for reason 'discarding message because the queue is full'
[rviz2-1] [INFO] [1715239508.222630158] [rviz2]: Message Filter dropping message: frame 'robot_front_laser_link' at time 1715239507.599 for reason 'discarding message because the queue is full'
[rviz2-1] [INFO] [1715239508.254738781] [rviz2]: Message Filter dropping message: frame 'robot_front_laser_link' at time 1715239507.624 for reason 'discarding message because the queue is full'
[rviz2-1] [INFO] [1715239508.286923441] [rviz2]: Message Filter dropping message: frame 'robot_front_laser_link' at time 1715239507.649 for reason 'discarding message because the queue is full'
[rviz2-1] [INFO] [1715239508.319000592] [rviz2]: Message Filter dropping message: frame 'robot_front_laser_link' at time 1715239507.699 for reason 'discarding message because the queue is full'
[rviz2-1] [INFO] [1715239508.350968127] [rviz2]: Message Filter dropping message: frame 'robot_front_laser_link' at time 1715239507.750 for reason 'discarding message because the queue is full'
[rviz2-1] [INFO] [1715239508.383003847] [rviz2]: Message Filter dropping message: frame 'robot_front_laser_link' at time 1715239507.774 for reason 'discarding message because the queue is full'
[rviz2-1] [INFO] [1715239508.414497767] [rviz2]: Message Filter dropping message: frame 'robot_front_laser_link' at time 1715239507.800 for reason 'discarding message because the queue is full'
[rviz2-1] [INFO] [1715239508.446822113] [rviz2]: Message Filter dropping message: frame 'robot_front_laser_link' at time 1715239507.824 for reason 'discarding message because the queue is full'
[rviz2-1] [INFO] [1715239508.479266599] [rviz2]: Message Filter dropping message: frame 'robot_front_laser_link' at time 1715239507.874 for reason 'discarding message because the queue is full'
[rviz2-1] [INFO] [1715239508.511373568] [rviz2]: Message Filter dropping message: frame 'robot_front_laser_link' at time 1715239507.900 for reason 'discarding message because the queue is full'
[rviz2-1] [INFO] [1715239508.543295386] [rviz2]: Message Filter dropping message: frame 'robot_front_laser_link' at time 1715239507.924 for reason 'discarding message because the queue is full'
[rviz2-1] [INFO] [1715239508.574969296] [rviz2]: Message Filter dropping message: frame 'robot_front_laser_link' at time 1715239507.974 for reason 'discarding message because the queue is full'
[rviz2-1] [INFO] [1715239508.607292943] [rviz2]: Message Filter dropping message: frame 'robot_front_laser_link' at time 1715239508.000 for reason 'discarding message because the queue is full'
[rviz2-1] [INFO] [1715239508.638879977] [rviz2]: Message Filter dropping message: frame 'robot_front_laser_link' at time 1715239508.025 for reason 'discarding message because the queue is full'
[rviz2-1] [INFO] [1715239508.671021846] [rviz2]: Message Filter dropping message: frame 'robot_front_laser_link' at time 1715239508.050 for reason 'discarding message because the queue is full'
[rviz2-1] [INFO] [1715239508.703052914] [rviz2]: Message Filter dropping message: frame 'robot_front_laser_link' at time 1715239508.100 for reason 'discarding message because the queue is full'
[rviz2-1] [INFO] [1715239508.734661303] [rviz2]: Message Filter dropping message: frame 'robot_front_laser_link' at time 1715239508.125 for reason 'discarding message because the queue is full'
[rviz2-1] [INFO] [1715239508.766760028] [rviz2]: Message Filter dropping message: frame 'robot_front_laser_link' at time 1715239508.150 for reason 'discarding message because the queue is full'
[rviz2-1] [INFO] [1715239508.798647736] [rviz2]: Message Filter dropping message: frame 'robot_front_laser_link' at time 1715239508.175 for reason 'discarding message because the queue is full'
[rviz2-1] [INFO] [1715239508.831265349] [rviz2]: Message Filter dropping message: frame 'robot_front_laser_link' at time 1715239508.200 for reason 'discarding message because the queue is full'
[rviz2-1] [INFO] [1715239508.862474767] [rviz2]: Message Filter dropping message: frame 'robot_front_laser_link' at time 1715239508.225 for reason 'discarding message because the queue is full'
[rviz2-1] [INFO] [1715239508.894691260] [rviz2]: Message Filter dropping message: frame 'robot_front_laser_link' at time 1715239508.275 for reason 'discarding message because the queue is full'
[rviz2-1] [INFO] [1715239508.927379429] [rviz2]: Message Filter dropping message: frame 'robot_front_laser_link' at time 1715239508.325 for reason 'discarding message because the queue is full'
[rviz2-1] [INFO] [1715239508.958475812] [rviz2]: Message Filter dropping message: frame 'robot_front_laser_link' at time 1715239508.350 for reason 'discarding message because the queue is full'
[WARNING] [launch]: user interrupted with ctrl-c (SIGINT)
[rviz2-1] [INFO] [1715239508.981562673] [rclcpp]: signal_handler(signum=2)
[lifecycle_manager-4] [INFO] [1715239508.981561119] [rclcpp]: signal_handler(signum=2)
[lifecycle_manager-4] [INFO] [1715239508.981670760] [lifecycle_manager_localization]: Running Nav2 LifecycleManager rcl preshutdown (lifecycle_manager_localization)
[map_server-2] [INFO] [1715239508.981561116] [rclcpp]: signal_handler(signum=2)
[map_server-2] [INFO] [1715239508.981671414] [map_server]: Running Nav2 LifecycleNode rcl preshutdown (map_server)
[map_server-2] [INFO] [1715239508.981758782] [map_server]: Destroying bond (map_server) to lifecycle manager.
[map_server-2] [INFO] [1715239508.982279198] [map_server]: Destroying
[lifecycle_manager-4] [INFO] [1715239508.983624430] [lifecycle_manager_localization]: Waiting for service amcl/get_state...
[lifecycle_manager-4] 
[lifecycle_manager-4] >>> [rcutils|error_handling.c:108] rcutils_set_error_state()
[lifecycle_manager-4] This error state is being overwritten:
[lifecycle_manager-4] 
[lifecycle_manager-4]   'rcl node's context is invalid, at ./src/rcl/node.c:428'
[lifecycle_manager-4] 
[lifecycle_manager-4] with this new error message:
[lifecycle_manager-4] 
[lifecycle_manager-4]   'publisher's context is invalid, at ./src/rcl/publisher.c:389'
[lifecycle_manager-4] 
[lifecycle_manager-4] rcutils_reset_error() should be called after error handling to avoid this.
[lifecycle_manager-4] <<<
[lifecycle_manager-4] Failed to publish log message to rosout: publisher's context is invalid, at ./src/rcl/publisher.c:389
[lifecycle_manager-4] [INFO] [1715239508.983672583] [lifecycle_manager_localization]: Waiting for service amcl/get_state...
[lifecycle_manager-4] 
[lifecycle_manager-4] >>> [rcutils|error_handling.c:108] rcutils_set_error_state()
[lifecycle_manager-4] This error state is being overwritten:
[lifecycle_manager-4] 
[lifecycle_manager-4]   'rcl node's context is invalid, at ./src/rcl/node.c:428'
[lifecycle_manager-4] 
[lifecycle_manager-4] with this new error message:
[lifecycle_manager-4] 
[lifecycle_manager-4]   'publisher's context is invalid, at ./src/rcl/publisher.c:389'
[lifecycle_manager-4] 
[lifecycle_manager-4] rcutils_reset_error() should be called after error handling to avoid this.
[lifecycle_manager-4] <<<
[lifecycle_manager-4] Failed to publish log message to rosout: publisher's context is invalid, at ./src/rcl/publisher.c:389
[lifecycle_manager-4] [INFO] [1715239509.033779717] [lifecycle_manager_localization]: Waiting for service amcl/get_state...
[lifecycle_manager-4] [INFO] [1715239509.083893957] [lifecycle_manager_localization]: Waiting for service amcl/get_state...
[lifecycle_manager-4] [INFO] [1715239509.134004854] [lifecycle_manager_localization]: Waiting for service amcl/get_state...
[lifecycle_manager-4] [INFO] [1715239509.184119392] [lifecycle_manager_localization]: Waiting for service amcl/get_state...
[ERROR] [rviz2-1]: process has died [pid 3313, exit code -11, cmd '/opt/ros/humble/lib/rviz2/rviz2 -d /home/user/ros2_ws/install/path_planner_server/share/path_planner_server/rviz/pathplanning.rviz --ros-args -r __node:=rviz2'].
[lifecycle_manager-4] [INFO] [1715239509.234234733] [lifecycle_manager_localization]: Waiting for service amcl/get_state...
[lifecycle_manager-4] [INFO] [1715239509.284342976] [lifecycle_manager_localization]: Waiting for service amcl/get_state...
[lifecycle_manager-4] [INFO] [1715239509.334451094] [lifecycle_manager_localization]: Waiting for service amcl/get_state...
[lifecycle_manager-4] [INFO] [1715239509.384553940] [lifecycle_manager_localization]: Waiting for service amcl/get_state...
[lifecycle_manager-4] [INFO] [1715239509.434666730] [lifecycle_manager_localization]: Waiting for service amcl/get_state...
[lifecycle_manager-4] [INFO] [1715239509.484779915] [lifecycle_manager_localization]: Waiting for service amcl/get_state...
[lifecycle_manager-4] [INFO] [1715239509.534889495] [lifecycle_manager_localization]: Waiting for service amcl/get_state...
[lifecycle_manager-4] [INFO] [1715239509.585002018] [lifecycle_manager_localization]: Waiting for service amcl/get_state...
[lifecycle_manager-4] [INFO] [1715239509.635115362] [lifecycle_manager_localization]: Waiting for service amcl/get_state...
[lifecycle_manager-4] [INFO] [1715239509.685230761] [lifecycle_manager_localization]: Waiting for service amcl/get_state...
[lifecycle_manager-4] [INFO] [1715239509.735346035] [lifecycle_manager_localization]: Waiting for service amcl/get_state...
[lifecycle_manager-4] [INFO] [1715239509.785457099] [lifecycle_manager_localization]: Waiting for service amcl/get_state...
[lifecycle_manager-4] [INFO] [1715239509.835603364] [lifecycle_manager_localization]: Waiting for service amcl/get_state...
[lifecycle_manager-4] [INFO] [1715239509.885704716] [lifecycle_manager_localization]: Waiting for service amcl/get_state...
[lifecycle_manager-4] [INFO] [1715239509.935805483] [lifecycle_manager_localization]: Waiting for service amcl/get_state...
[lifecycle_manager-4] [INFO] [1715239509.985913416] [lifecycle_manager_localization]: Waiting for service amcl/get_state...
[INFO] [map_server-2]: process has finished cleanly [pid 3315]
[lifecycle_manager-4] [INFO] [1715239510.036011672] [lifecycle_manager_localization]: Waiting for service amcl/get_state...
[lifecycle_manager-4] [INFO] [1715239510.086109810] [lifecycle_manager_localization]: Waiting for service amcl/get_state...
[lifecycle_manager-4] [INFO] [1715239510.136210767] [lifecycle_manager_localization]: Waiting for service amcl/get_state...
[lifecycle_manager-4] [INFO] [1715239510.186315884] [lifecycle_manager_localization]: Waiting for service amcl/get_state...
[lifecycle_manager-4] [INFO] [1715239510.236423258] [lifecycle_manager_localization]: Waiting for service amcl/get_state...
[lifecycle_manager-4] [INFO] [1715239510.286536574] [lifecycle_manager_localization]: Waiting for service amcl/get_state...
[lifecycle_manager-4] [INFO] [1715239510.336643270] [lifecycle_manager_localization]: Waiting for service amcl/get_state...
[lifecycle_manager-4] [INFO] [1715239510.386749052] [lifecycle_manager_localization]: Waiting for service amcl/get_state...
[lifecycle_manager-4] [INFO] [1715239510.436851805] [lifecycle_manager_localization]: Waiting for service amcl/get_state...
[lifecycle_manager-4] [INFO] [1715239510.486959776] [lifecycle_manager_localization]: Waiting for service amcl/get_state...
[lifecycle_manager-4] [INFO] [1715239510.537063323] [lifecycle_manager_localization]: Waiting for service amcl/get_state...
[lifecycle_manager-4] [INFO] [1715239510.587170742] [lifecycle_manager_localization]: Waiting for service amcl/get_state...
[lifecycle_manager-4] [INFO] [1715239510.637275268] [lifecycle_manager_localization]: Waiting for service amcl/get_state...
[lifecycle_manager-4] [INFO] [1715239510.687385792] [lifecycle_manager_localization]: Waiting for service amcl/get_state...
[lifecycle_manager-4] [INFO] [1715239510.737491853] [lifecycle_manager_localization]: Waiting for service amcl/get_state...
[lifecycle_manager-4] [INFO] [1715239510.787607984] [lifecycle_manager_localization]: Waiting for service amcl/get_state...
[lifecycle_manager-4] [INFO] [1715239510.837721075] [lifecycle_manager_localization]: Waiting for service amcl/get_state...
[lifecycle_manager-4] [INFO] [1715239510.887835203] [lifecycle_manager_localization]: Waiting for service amcl/get_state...
[lifecycle_manager-4] [INFO] [1715239510.937951272] [lifecycle_manager_localization]: Waiting for service amcl/get_state...
[lifecycle_manager-4] [INFO] [1715239510.988065328] [lifecycle_manager_localization]: Waiting for service amcl/get_state...
[lifecycle_manager-4] [INFO] [1715239511.038178397] [lifecycle_manager_localization]: Waiting for service amcl/get_state...
[lifecycle_manager-4] [INFO] [1715239511.088293911] [lifecycle_manager_localization]: Waiting for service amcl/get_state...
[lifecycle_manager-4] [INFO] [1715239511.138410784] [lifecycle_manager_localization]: Waiting for service amcl/get_state...
[lifecycle_manager-4] [INFO] [1715239511.188529919] [lifecycle_manager_localization]: Waiting for service amcl/get_state...
[lifecycle_manager-4] [INFO] [1715239511.238648646] [lifecycle_manager_localization]: Waiting for service amcl/get_state...
[lifecycle_manager-4] [INFO] [1715239511.288765995] [lifecycle_manager_localization]: Waiting for service amcl/get_state...
[lifecycle_manager-4] [INFO] [1715239511.338878341] [lifecycle_manager_localization]: Waiting for service amcl/get_state...
[lifecycle_manager-4] [INFO] [1715239511.388991854] [lifecycle_manager_localization]: Waiting for service amcl/get_state...
[lifecycle_manager-4] [INFO] [1715239511.439102388] [lifecycle_manager_localization]: Waiting for service amcl/get_state...
[lifecycle_manager-4] [INFO] [1715239511.489211358] [lifecycle_manager_localization]: Waiting for service amcl/get_state...
[lifecycle_manager-4] [INFO] [1715239511.539328890] [lifecycle_manager_localization]: Waiting for service amcl/get_state...
[lifecycle_manager-4] [INFO] [1715239511.589434896] [lifecycle_manager_localization]: Waiting for service amcl/get_state...
[lifecycle_manager-4] [INFO] [1715239511.639547865] [lifecycle_manager_localization]: Waiting for service amcl/get_state...
[lifecycle_manager-4] [INFO] [1715239511.689670043] [lifecycle_manager_localization]: Waiting for service amcl/get_state...
[lifecycle_manager-4] [INFO] [1715239511.739793900] [lifecycle_manager_localization]: Waiting for service amcl/get_state...
[lifecycle_manager-4] [INFO] [1715239511.789921134] [lifecycle_manager_localization]: Waiting for service amcl/get_state...
[lifecycle_manager-4] [INFO] [1715239511.840026589] [lifecycle_manager_localization]: Waiting for service amcl/get_state...
[lifecycle_manager-4] [INFO] [1715239511.890169682] [lifecycle_manager_localization]: Waiting for service amcl/get_state...
[lifecycle_manager-4] [INFO] [1715239511.940291571] [lifecycle_manager_localization]: Waiting for service amcl/get_state...
[lifecycle_manager-4] [INFO] [1715239511.990411533] [lifecycle_manager_localization]: Waiting for service amcl/get_state...
[lifecycle_manager-4] [INFO] [1715239512.040531304] [lifecycle_manager_localization]: Waiting for service amcl/get_state...
[lifecycle_manager-4] [INFO] [1715239512.090651884] [lifecycle_manager_localization]: Waiting for service amcl/get_state...
[lifecycle_manager-4] [INFO] [1715239512.140774415] [lifecycle_manager_localization]: Waiting for service amcl/get_state...
[lifecycle_manager-4] [INFO] [1715239512.190894542] [lifecycle_manager_localization]: Waiting for service amcl/get_state...
[lifecycle_manager-4] [INFO] [1715239512.241007367] [lifecycle_manager_localization]: Waiting for service amcl/get_state...
[lifecycle_manager-4] [INFO] [1715239512.291127476] [lifecycle_manager_localization]: Waiting for service amcl/get_state...
[lifecycle_manager-4] [INFO] [1715239512.341250886] [lifecycle_manager_localization]: Waiting for service amcl/get_state...
[lifecycle_manager-4] [INFO] [1715239512.391369629] [lifecycle_manager_localization]: Waiting for service amcl/get_state...
[lifecycle_manager-4] [INFO] [1715239512.441484134] [lifecycle_manager_localization]: Waiting for service amcl/get_state...
[lifecycle_manager-4] [INFO] [1715239512.491599350] [lifecycle_manager_localization]: Waiting for service amcl/get_state...
[lifecycle_manager-4] [INFO] [1715239512.541723354] [lifecycle_manager_localization]: Waiting for service amcl/get_state...
[lifecycle_manager-4] [INFO] [1715239512.591840841] [lifecycle_manager_localization]: Waiting for service amcl/get_state...
[lifecycle_manager-4] [INFO] [1715239512.641958857] [lifecycle_manager_localization]: Waiting for service amcl/get_state...
[lifecycle_manager-4] [INFO] [1715239512.692076414] [lifecycle_manager_localization]: Waiting for service amcl/get_state...
[lifecycle_manager-4] [INFO] [1715239512.742195306] [lifecycle_manager_localization]: Waiting for service amcl/get_state...
[lifecycle_manager-4] [INFO] [1715239512.792304827] [lifecycle_manager_localization]: Waiting for service amcl/get_state...
[lifecycle_manager-4] [INFO] [1715239512.842417395] [lifecycle_manager_localization]: Waiting for service amcl/get_state...
[lifecycle_manager-4] [INFO] [1715239512.892533005] [lifecycle_manager_localization]: Waiting for service amcl/get_state...
[lifecycle_manager-4] [INFO] [1715239512.942653337] [lifecycle_manager_localization]: Waiting for service amcl/get_state...
[lifecycle_manager-4] [INFO] [1715239512.992774618] [lifecycle_manager_localization]: Waiting for service amcl/get_state...
[lifecycle_manager-4] [INFO] [1715239513.042894442] [lifecycle_manager_localization]: Waiting for service amcl/get_state...
[lifecycle_manager-4] [INFO] [1715239513.093011330] [lifecycle_manager_localization]: Waiting for service amcl/get_state...
[lifecycle_manager-4] [INFO] [1715239513.143133617] [lifecycle_manager_localization]: Waiting for service amcl/get_state...
[lifecycle_manager-4] [INFO] [1715239513.193241978] [lifecycle_manager_localization]: Waiting for service amcl/get_state...
[lifecycle_manager-4] [INFO] [1715239513.243358907] [lifecycle_manager_localization]: Waiting for service amcl/get_state...
[lifecycle_manager-4] [INFO] [1715239513.293475183] [lifecycle_manager_localization]: Waiting for service amcl/get_state...
[lifecycle_manager-4] [INFO] [1715239513.343588777] [lifecycle_manager_localization]: Waiting for service amcl/get_state...
[lifecycle_manager-4] [INFO] [1715239513.393707779] [lifecycle_manager_localization]: Waiting for service amcl/get_state...
[lifecycle_manager-4] [INFO] [1715239513.443829059] [lifecycle_manager_localization]: Waiting for service amcl/get_state...
[lifecycle_manager-4] [INFO] [1715239513.493959768] [lifecycle_manager_localization]: Waiting for service amcl/get_state...
[lifecycle_manager-4] [INFO] [1715239513.544076679] [lifecycle_manager_localization]: Waiting for service amcl/get_state...
[lifecycle_manager-4] [INFO] [1715239513.594192487] [lifecycle_manager_localization]: Waiting for service amcl/get_state...
[lifecycle_manager-4] [INFO] [1715239513.644303136] [lifecycle_manager_localization]: Waiting for service amcl/get_state...
[lifecycle_manager-4] [INFO] [1715239513.694422538] [lifecycle_manager_localization]: Waiting for service amcl/get_state...
[lifecycle_manager-4] [INFO] [1715239513.744551875] [lifecycle_manager_localization]: Waiting for service amcl/get_state...
[lifecycle_manager-4] [INFO] [1715239513.794670352] [lifecycle_manager_localization]: Waiting for service amcl/get_state...
[lifecycle_manager-4] [INFO] [1715239513.844779688] [lifecycle_manager_localization]: Waiting for service amcl/get_state...
[lifecycle_manager-4] [INFO] [1715239513.894895512] [lifecycle_manager_localization]: Waiting for service amcl/get_state...
[lifecycle_manager-4] [INFO] [1715239513.945003312] [lifecycle_manager_localization]: Waiting for service amcl/get_state...
[ERROR] [lifecycle_manager-4]: process[lifecycle_manager-4] failed to terminate '5' seconds after receiving 'SIGINT', escalating to 'SIGTERM'
[INFO] [lifecycle_manager-4]: sending signal 'SIGTERM' to process[lifecycle_manager-4]
[lifecycle_manager-4] [INFO] [1715239513.985569588] [rclcpp]: signal_handler(signum=15)
[lifecycle_manager-4] [INFO] [1715239513.995111997] [lifecycle_manager_localization]: Waiting for service amcl/get_state...
[lifecycle_manager-4] [INFO] [1715239514.045217121] [lifecycle_manager_localization]: Waiting for service amcl/get_state...
[lifecycle_manager-4] [INFO] [1715239514.095331811] [lifecycle_manager_localization]: Waiting for service amcl/get_state...
[lifecycle_manager-4] [INFO] [1715239514.145443651] [lifecycle_manager_localization]: Waiting for service amcl/get_state...
[lifecycle_manager-4] [INFO] [1715239514.195563638] [lifecycle_manager_localization]: Waiting for service amcl/get_state...
[lifecycle_manager-4] [INFO] [1715239514.245683362] [lifecycle_manager_localization]: Waiting for service amcl/get_state...
[lifecycle_manager-4] [INFO] [1715239514.295803337] [lifecycle_manager_localization]: Waiting for service amcl/get_state...
[lifecycle_manager-4] [INFO] [1715239514.345920666] [lifecycle_manager_localization]: Waiting for service amcl/get_state...
[lifecycle_manager-4] [INFO] [1715239514.396036107] [lifecycle_manager_localization]: Waiting for service amcl/get_state...
[lifecycle_manager-4] [INFO] [1715239514.446150410] [lifecycle_manager_localization]: Waiting for service amcl/get_state...
[lifecycle_manager-4] [INFO] [1715239514.496266038] [lifecycle_manager_localization]: Waiting for service amcl/get_state...
[lifecycle_manager-4] [INFO] [1715239514.546387469] [lifecycle_manager_localization]: Waiting for service amcl/get_state...
[lifecycle_manager-4] [INFO] [1715239514.596492672] [lifecycle_manager_localization]: Waiting for service amcl/get_state...
[lifecycle_manager-4] [INFO] [1715239514.646609032] [lifecycle_manager_localization]: Waiting for service amcl/get_state...
[lifecycle_manager-4] [INFO] [1715239514.696734340] [lifecycle_manager_localization]: Waiting for service amcl/get_state...
[lifecycle_manager-4] [INFO] [1715239514.746868970] [lifecycle_manager_localization]: Waiting for service amcl/get_state...
[lifecycle_manager-4] [INFO] [1715239514.796972247] [lifecycle_manager_localization]: Waiting for service amcl/get_state...
[lifecycle_manager-4] [INFO] [1715239514.847087022] [lifecycle_manager_localization]: Waiting for service amcl/get_state...
[lifecycle_manager-4] [INFO] [1715239514.897191248] [lifecycle_manager_localization]: Waiting for service amcl/get_state...
[lifecycle_manager-4] [INFO] [1715239514.947304167] [lifecycle_manager_localization]: Waiting for service amcl/get_state...
[lifecycle_manager-4] [INFO] [1715239514.997419176] [lifecycle_manager_localization]: Waiting for service amcl/get_state...
[lifecycle_manager-4] [INFO] [1715239515.047534282] [lifecycle_manager_localization]: Waiting for service amcl/get_state...
[lifecycle_manager-4] [INFO] [1715239515.097641405] [lifecycle_manager_localization]: Waiting for service amcl/get_state...
[lifecycle_manager-4] [INFO] [1715239515.147747466] [lifecycle_manager_localization]: Waiting for service amcl/get_state...
[lifecycle_manager-4] [INFO] [1715239515.197863982] [lifecycle_manager_localization]: Waiting for service amcl/get_state...
[lifecycle_manager-4] [INFO] [1715239515.247983114] [lifecycle_manager_localization]: Waiting for service amcl/get_state...
[lifecycle_manager-4] [INFO] [1715239515.298095033] [lifecycle_manager_localization]: Waiting for service amcl/get_state...
[lifecycle_manager-4] [INFO] [1715239515.348211423] [lifecycle_manager_localization]: Waiting for service amcl/get_state...
[lifecycle_manager-4] [INFO] [1715239515.398324618] [lifecycle_manager_localization]: Waiting for service amcl/get_state...
[lifecycle_manager-4] [INFO] [1715239515.448433665] [lifecycle_manager_localization]: Waiting for service amcl/get_state...
[lifecycle_manager-4] [INFO] [1715239515.498552048] [lifecycle_manager_localization]: Waiting for service amcl/get_state...
[lifecycle_manager-4] [INFO] [1715239515.548674530] [lifecycle_manager_localization]: Waiting for service amcl/get_state...
[lifecycle_manager-4] [INFO] [1715239515.598791655] [lifecycle_manager_localization]: Waiting for service amcl/get_state...
[lifecycle_manager-4] [INFO] [1715239515.648905520] [lifecycle_manager_localization]: Waiting for service amcl/get_state...
[lifecycle_manager-4] [INFO] [1715239515.699023476] [lifecycle_manager_localization]: Waiting for service amcl/get_state...
[lifecycle_manager-4] [INFO] [1715239515.749151436] [lifecycle_manager_localization]: Waiting for service amcl/get_state...
[lifecycle_manager-4] [INFO] [1715239515.799263224] [lifecycle_manager_localization]: Waiting for service amcl/get_state...
[lifecycle_manager-4] [INFO] [1715239515.849376134] [lifecycle_manager_localization]: Waiting for service amcl/get_state...
[lifecycle_manager-4] [INFO] [1715239515.899489898] [lifecycle_manager_localization]: Waiting for service amcl/get_state...
[lifecycle_manager-4] [INFO] [1715239515.949608239] [lifecycle_manager_localization]: Waiting for service amcl/get_state...
[lifecycle_manager-4] [INFO] [1715239515.999720528] [lifecycle_manager_localization]: Waiting for service amcl/get_state...
[WARNING] [launch]: user interrupted with ctrl-c (SIGINT) again, ignoring...
[lifecycle_manager-4] [INFO] [1715239516.019514477] [rclcpp]: signal_handler(signum=2)
[lifecycle_manager-4] [INFO] [1715239516.049828799] [lifecycle_manager_localization]: Waiting for service amcl/get_state...
[lifecycle_manager-4] [INFO] [1715239516.099941015] [lifecycle_manager_localization]: Waiting for service amcl/get_state...
[lifecycle_manager-4] [INFO] [1715239516.150052120] [lifecycle_manager_localization]: Waiting for service amcl/get_state...
[lifecycle_manager-4] [INFO] [1715239516.200164840] [lifecycle_manager_localization]: Waiting for service amcl/get_state...
[lifecycle_manager-4] [INFO] [1715239516.250288299] [lifecycle_manager_localization]: Waiting for service amcl/get_state...
[lifecycle_manager-4] [INFO] [1715239516.300410867] [lifecycle_manager_localization]: Waiting for service amcl/get_state...
[lifecycle_manager-4] [INFO] [1715239516.350528012] [lifecycle_manager_localization]: Waiting for service amcl/get_state...
[lifecycle_manager-4] [INFO] [1715239516.400646196] [lifecycle_manager_localization]: Waiting for service amcl/get_state...
[lifecycle_manager-4] [INFO] [1715239516.450780967] [lifecycle_manager_localization]: Waiting for service amcl/get_state...
[lifecycle_manager-4] [INFO] [1715239516.500897021] [lifecycle_manager_localization]: Waiting for service amcl/get_state...
[lifecycle_manager-4] [INFO] [1715239516.551012668] [lifecycle_manager_localization]: Waiting for service amcl/get_state...
[lifecycle_manager-4] [INFO] [1715239516.601121496] [lifecycle_manager_localization]: Waiting for service amcl/get_state...
[lifecycle_manager-4] [INFO] [1715239516.651240532] [lifecycle_manager_localization]: Waiting for service amcl/get_state...
[lifecycle_manager-4] [INFO] [1715239516.701367778] [lifecycle_manager_localization]: Waiting for service amcl/get_state...
[lifecycle_manager-4] [INFO] [1715239516.751493132] [lifecycle_manager_localization]: Waiting for service amcl/get_state...
[lifecycle_manager-4] [INFO] [1715239516.801607683] [lifecycle_manager_localization]: Waiting for service amcl/get_state...
[lifecycle_manager-4] [INFO] [1715239516.851725338] [lifecycle_manager_localization]: Waiting for service amcl/get_state...
[lifecycle_manager-4] [INFO] [1715239516.901844391] [lifecycle_manager_localization]: Waiting for service amcl/get_state...
[lifecycle_manager-4] [INFO] [1715239516.951965648] [lifecycle_manager_localization]: Waiting for service amcl/get_state...
[lifecycle_manager-4] [INFO] [1715239517.002092347] [lifecycle_manager_localization]: Waiting for service amcl/get_state...
[lifecycle_manager-4] [INFO] [1715239517.052212846] [lifecycle_manager_localization]: Waiting for service amcl/get_state...
[lifecycle_manager-4] [INFO] [1715239517.102329115] [lifecycle_manager_localization]: Waiting for service amcl/get_state...
[lifecycle_manager-4] [INFO] [1715239517.152441943] [lifecycle_manager_localization]: Waiting for service amcl/get_state...
[lifecycle_manager-4] [INFO] [1715239517.202556054] [lifecycle_manager_localization]: Waiting for service amcl/get_state...
[lifecycle_manager-4] [INFO] [1715239517.252671913] [lifecycle_manager_localization]: Waiting for service amcl/get_state...
[lifecycle_manager-4] [INFO] [1715239517.302789343] [lifecycle_manager_localization]: Waiting for service amcl/get_state...
[lifecycle_manager-4] [INFO] [1715239517.352906896] [lifecycle_manager_localization]: Waiting for service amcl/get_state...
[lifecycle_manager-4] [INFO] [1715239517.403020098] [lifecycle_manager_localization]: Waiting for service amcl/get_state...
[lifecycle_manager-4] [INFO] [1715239517.453130216] [lifecycle_manager_localization]: Waiting for service amcl/get_state...
[lifecycle_manager-4] [INFO] [1715239517.503260697] [lifecycle_manager_localization]: Waiting for service amcl/get_state...
[lifecycle_manager-4] [INFO] [1715239517.553379958] [lifecycle_manager_localization]: Waiting for service amcl/get_state...
[lifecycle_manager-4] [INFO] [1715239517.603495078] [lifecycle_manager_localization]: Waiting for service amcl/get_state...
[lifecycle_manager-4] [INFO] [1715239517.653614445] [lifecycle_manager_localization]: Waiting for service amcl/get_state...
[lifecycle_manager-4] [INFO] [1715239517.703730515] [lifecycle_manager_localization]: Waiting for service amcl/get_state...
[lifecycle_manager-4] [INFO] [1715239517.753845033] [lifecycle_manager_localization]: Waiting for service amcl/get_state...
[lifecycle_manager-4] [INFO] [1715239517.803946113] [lifecycle_manager_localization]: Waiting for service amcl/get_state...
[lifecycle_manager-4] [INFO] [1715239517.854055509] [lifecycle_manager_localization]: Waiting for service amcl/get_state...
[lifecycle_manager-4] [INFO] [1715239517.904163312] [lifecycle_manager_localization]: Waiting for service amcl/get_state...
[lifecycle_manager-4] [INFO] [1715239517.954279284] [lifecycle_manager_localization]: Waiting for service amcl/get_state...
[lifecycle_manager-4] [INFO] [1715239518.004399775] [lifecycle_manager_localization]: Waiting for service amcl/get_state...
[lifecycle_manager-4] [INFO] [1715239518.054515708] [lifecycle_manager_localization]: Waiting for service amcl/get_state...
[lifecycle_manager-4] [INFO] [1715239518.104629473] [lifecycle_manager_localization]: Waiting for service amcl/get_state...
[lifecycle_manager-4] [INFO] [1715239518.154743371] [lifecycle_manager_localization]: Waiting for service amcl/get_state...
[lifecycle_manager-4] [INFO] [1715239518.204881069] [lifecycle_manager_localization]: Waiting for service amcl/get_state...
[lifecycle_manager-4] [INFO] [1715239518.255001608] [lifecycle_manager_localization]: Waiting for service amcl/get_state...
[lifecycle_manager-4] [INFO] [1715239518.305122413] [lifecycle_manager_localization]: Waiting for service amcl/get_state...
[lifecycle_manager-4] [INFO] [1715239518.355234349] [lifecycle_manager_localization]: Waiting for service amcl/get_state...
[lifecycle_manager-4] [INFO] [1715239518.405346139] [lifecycle_manager_localization]: Waiting for service amcl/get_state...
[lifecycle_manager-4] [INFO] [1715239518.455477341] [lifecycle_manager_localization]: Waiting for service amcl/get_state...
[lifecycle_manager-4] [INFO] [1715239518.505606278] [lifecycle_manager_localization]: Waiting for service amcl/get_state...
[lifecycle_manager-4] [INFO] [1715239518.555725670] [lifecycle_manager_localization]: Waiting for service amcl/get_state...
[lifecycle_manager-4] [INFO] [1715239518.605842764] [lifecycle_manager_localization]: Waiting for service amcl/get_state...
[lifecycle_manager-4] [INFO] [1715239518.655964920] [lifecycle_manager_localization]: Waiting for service amcl/get_state...
[lifecycle_manager-4] [INFO] [1715239518.706089215] [lifecycle_manager_localization]: Waiting for service amcl/get_state...
[lifecycle_manager-4] [INFO] [1715239518.756209310] [lifecycle_manager_localization]: Waiting for service amcl/get_state...
[lifecycle_manager-4] [INFO] [1715239518.806317467] [lifecycle_manager_localization]: Waiting for service amcl/get_state...
[lifecycle_manager-4] [INFO] [1715239518.856425388] [lifecycle_manager_localization]: Waiting for service amcl/get_state...
[lifecycle_manager-4] [INFO] [1715239518.906529567] [lifecycle_manager_localization]: Waiting for service amcl/get_state...
[lifecycle_manager-4] [INFO] [1715239518.956638815] [lifecycle_manager_localization]: Waiting for service amcl/get_state...
[ERROR] [lifecycle_manager-4]: process[lifecycle_manager-4] failed to terminate '10.0' seconds after receiving 'SIGTERM', escalating to 'SIGKILL'
[INFO] [lifecycle_manager-4]: sending signal 'SIGKILL' to process[lifecycle_manager-4]
[ERROR] [lifecycle_manager-4]: process has died [pid 3319, exit code -9, cmd '/opt/ros/humble/lib/nav2_lifecycle_manager/lifecycle_manager --ros-args -r __node:=lifecycle_manager_localization --params-file /tmp/launch_params_sbzbfg1k --params-file /tmp/launch_params_utgcqmcq --params-file /tmp/launch_params_3vpf_9td'].
